<?xml version="1.0" encoding="UTF-8"?>
<!-- Generated by org.testng.reporters.JUnitReportReporter -->
<testsuite hostname="DESKTOP-HRNI2U1" failures="0" tests="1" name="tests.GoogleTest" time="4.416" errors="0" timestamp="2025-07-27T13:42:40 IST" skipped="0">
  <testcase classname="tests.GoogleTest" name="openGoogle" time="4.416"/>
</testsuite> <!-- tests.GoogleTest -->
